<?xml version="1.0" encoding="UTF-8"?>
<testng-results ignored="0" total="1" passed="1" failed="0" skipped="0">
  <reporter-output>
  </reporter-output>
  <suite started-at="2022-05-11T00:10:35 IST" name="Default suite" finished-at="2022-05-11T00:10:54 IST" duration-ms="18960">
    <groups>
    </groups>
    <test started-at="2022-05-11T00:10:35 IST" name="Default test" finished-at="2022-05-11T00:10:54 IST" duration-ms="18960">
      <class name="TestSelenium.MavenTest.LoginJavaPageTest">
        <test-method is-config="true" signature="config()[pri:0, instance:TestSelenium.MavenTest.LoginJavaPageTest@8dbdac1]" started-at="2022-05-11T00:10:35 IST" name="config" finished-at="2022-05-11T00:10:35 IST" duration-ms="330" status="PASS">
          <reporter-output>
          </reporter-output>
        </test-method> <!-- config -->
        <test-method signature="clickGoogleSearchTextBox()[pri:0, instance:TestSelenium.MavenTest.LoginJavaPageTest@8dbdac1]" started-at="2022-05-11T00:10:35 IST" name="clickGoogleSearchTextBox" finished-at="2022-05-11T00:10:54 IST" duration-ms="18593" status="PASS">
          <reporter-output>
          </reporter-output>
        </test-method> <!-- clickGoogleSearchTextBox -->
      </class> <!-- TestSelenium.MavenTest.LoginJavaPageTest -->
    </test> <!-- Default test -->
  </suite> <!-- Default suite -->
</testng-results>
